#
# A fatal error has been detected by the Java Runtime Environment:
#
#  SIGBUS (0x7) at pc=0x00007f58e9748a1b, pid=1946, tid=1997
#
# JRE version: Java(TM) SE Runtime Environment (19.0+36) (build 19+36-2238)
# Java VM: Java HotSpot(TM) 64-Bit Server VM (19+36-2238, mixed mode, sharing, tiered, compressed oops, compressed class ptrs, g1 gc, linux-amd64)
# Problematic frame:
# V  [libjvm.so+0x5f6a1b]
#
# Core dump will be written. Default location: Core dumps may be processed with "/usr/lib/systemd/systemd-coredump %P %u %g %s %t %c %h" (or dumping to /home/june/Документы/Java/TM_009/tm/core.1946)
#
# If you would like to submit a bug report, please visit:
#   https://bugreport.java.com/bugreport/crash.jsp
#

---------------  S U M M A R Y ------------

Command Line: -XX:+ShowCodeDetailsInExceptionMessages kir.tm.TmApplication

Host: 11th Gen Intel(R) Core(TM) i5-11400 @ 2.60GHz, 5 cores, 6G, Manjaro Linux
Time: Sun Nov 20 17:55:24 2022 +07 elapsed time: 133602.547257 seconds (1d 13h 6m 42s)

---------------  T H R E A D  ---------------

Current thread (0x00007f5874ce2b90):  JavaThread "HikariPool-1 housekeeper" daemon [_thread_in_vm, id=1997, stack(0x00007f58b9bc8000,0x00007f58b9cc8000)]

Stack: [0x00007f58b9bc8000,0x00007f58b9cc8000],  sp=0x00007f58b9cbe3d0,  free space=984k
Native frames: (J=compiled Java code, j=interpreted, Vv=VM code, C=native code)
V  [libjvm.so+0x5f6a1b]
V  [libjvm.so+0xd4bb91]
V  [libjvm.so+0xd4bf2e]
V  [libjvm.so+0xd4c49c]
v  ~RuntimeStub::wrong_method_stub 0x00007f58d454307b
J 11658 c1 ch.qos.logback.core.OutputStreamAppender.subAppend(Ljava/lang/Object;)V (65 bytes) @ 0x00007f58cdac6a3c [0x00007f58cdac6060+0x00000000000009dc]
J 11683 c1 ch.qos.logback.core.UnsynchronizedAppenderBase.doAppend(Ljava/lang/Object;)V (214 bytes) @ 0x00007f58cdd2abd4 [0x00007f58cdd2a280+0x0000000000000954]
J 11582 c1 ch.qos.logback.core.spi.AppenderAttachableImpl.appendLoopOnAppenders(Ljava/lang/Object;)I (48 bytes) @ 0x00007f58cdbf8c54 [0x00007f58cdbf86a0+0x00000000000005b4]
J 11525 c1 ch.qos.logback.classic.Logger.callAppenders(Lch/qos/logback/classic/spi/ILoggingEvent;)V (47 bytes) @ 0x00007f58cd24d034 [0x00007f58cd24cee0+0x0000000000000154]
j  ch.qos.logback.classic.Logger.buildLoggingEventAndAppend(Ljava/lang/String;Lorg/slf4j/Marker;Lch/qos/logback/classic/Level;Ljava/lang/String;[Ljava/lang/Object;Ljava/lang/Throwable;)V+27
J 11076 c1 ch.qos.logback.classic.Logger.filterAndLog_2(Ljava/lang/String;Lorg/slf4j/Marker;Lch/qos/logback/classic/Level;Ljava/lang/String;Ljava/lang/Object;Ljava/lang/Object;Ljava/lang/Throwable;)V (75 bytes) @ 0x00007f58ce485354 [0x00007f58ce484e20+0x0000000000000534]
j  ch.qos.logback.classic.Logger.warn(Ljava/lang/String;Ljava/lang/Object;Ljava/lang/Object;)V+12
J 8783 c1 com.zaxxer.hikari.pool.HikariPool$HouseKeeper.run()V (471 bytes) @ 0x00007f58ce048524 [0x00007f58ce0477a0+0x0000000000000d84]
J 8706 c2 java.util.concurrent.ScheduledThreadPoolExecutor$ScheduledFutureTask.run()V java.base@19 (57 bytes) @ 0x00007f58d4f1d97c [0x00007f58d4f1d880+0x00000000000000fc]
J 10677% c2 java.util.concurrent.ThreadPoolExecutor.runWorker(Ljava/util/concurrent/ThreadPoolExecutor$Worker;)V java.base@19 (187 bytes) @ 0x00007f58d504a728 [0x00007f58d504a4c0+0x0000000000000268]
j  java.util.concurrent.ThreadPoolExecutor$Worker.run()V+5 java.base@19
j  java.lang.Thread.run()V+13 java.base@19
v  ~StubRoutines::call_stub 0x00007f58d4529cc6
V  [libjvm.so+0x882925]
V  [libjvm.so+0x884152]
V  [libjvm.so+0x95312e]
V  [libjvm.so+0xe3c69e]
V  [libjvm.so+0xe46070]
V  [libjvm.so+0xc93698]

Java frames: (J=compiled Java code, j=interpreted, Vv=VM code)
v  ~RuntimeStub::wrong_method_stub 0x00007f58d454307b
J 11658 c1 ch.qos.logback.core.OutputStreamAppender.subAppend(Ljava/lang/Object;)V (65 bytes) @ 0x00007f58cdac6a3c [0x00007f58cdac6060+0x00000000000009dc]
J 11683 c1 ch.qos.logback.core.UnsynchronizedAppenderBase.doAppend(Ljava/lang/Object;)V (214 bytes) @ 0x00007f58cdd2abd4 [0x00007f58cdd2a280+0x0000000000000954]
J 11582 c1 ch.qos.logback.core.spi.AppenderAttachableImpl.appendLoopOnAppenders(Ljava/lang/Object;)I (48 bytes) @ 0x00007f58cdbf8c54 [0x00007f58cdbf86a0+0x00000000000005b4]
J 11525 c1 ch.qos.logback.classic.Logger.callAppenders(Lch/qos/logback/classic/spi/ILoggingEvent;)V (47 bytes) @ 0x00007f58cd24d034 [0x00007f58cd24cee0+0x0000000000000154]
j  ch.qos.logback.classic.Logger.buildLoggingEventAndAppend(Ljava/lang/String;Lorg/slf4j/Marker;Lch/qos/logback/classic/Level;Ljava/lang/String;[Ljava/lang/Object;Ljava/lang/Throwable;)V+27
J 11076 c1 ch.qos.logback.classic.Logger.filterAndLog_2(Ljava/lang/String;Lorg/slf4j/Marker;Lch/qos/logback/classic/Level;Ljava/lang/String;Ljava/lang/Object;Ljava/lang/Object;Ljava/lang/Throwable;)V (75 bytes) @ 0x00007f58ce485354 [0x00007f58ce484e20+0x0000000000000534]
j  ch.qos.logback.classic.Logger.warn(Ljava/lang/String;Ljava/lang/Object;Ljava/lang/Object;)V+12
J 8783 c1 com.zaxxer.hikari.pool.HikariPool$HouseKeeper.run()V (471 bytes) @ 0x00007f58ce048524 [0x00007f58ce0477a0+0x0000000000000d84]
J 8706 c2 java.util.concurrent.ScheduledThreadPoolExecutor$ScheduledFutureTask.run()V java.base@19 (57 bytes) @ 0x00007f58d4f1d97c [0x00007f58d4f1d880+0x00000000000000fc]
J 10677% c2 java.util.concurrent.ThreadPoolExecutor.runWorker(Ljava/util/concurrent/ThreadPoolExecutor$Worker;)V java.base@19 (187 bytes) @ 0x00007f58d504a728 [0x00007f58d504a4c0+0x0000000000000268]
j  java.util.concurrent.ThreadPoolExecutor$Worker.run()V+5 java.base@19
j  java.lang.Thread.run()V+13 java.base@19
v  ~StubRoutines::call_stub 0x00007f58d4529cc6

siginfo: si_signo: 7 (SIGBUS), si_code: 2 (BUS_ADRERR), si_addr: 0x00007f58cdac7208

Registers:
RAX=0x00007f58cdac7208, RBX=0x00007f58b9cc1cc0, RCX=0x00007f58cdac6a3c, RDX=0x00007f58cdac6060
RSP=0x00007f58b9cbe3d0, RBP=0x00007f58b9cc0960, RSI=0x00007f58b9cbf6b0, RDI=0x00007f5874ce2b90
R8 =0x00007f58cdac5d90, R9 =0x00007f58cdac5d80, R10=0x00007f58e8e3d000, R11=0x00007f58e411597c
R12=0x00007f58b9cbf6b0, R13=0x00007f58cdac5d90, R14=0x00007f58cdac5e20, R15=0x00007f58cdac6a3c
RIP=0x00007f58e9748a1b, EFLAGS=0x0000000000010202, CSGSFS=0x002b000000000033, ERR=0x0000000000000004
  TRAPNO=0x000000000000000e


Register to memory mapping:

RAX=0x00007f58cdac7208 is at entry_point+4520 in (nmethod*)0x00007f58cdac5d90
Compiled method (c1) 133604916 11658   !   3       ch.qos.logback.core.OutputStreamAppender::subAppend (65 bytes)
 total in heap  [0x00007f58cdac5d90,0x00007f58cdac75e8] = 6232
 relocation     [0x00007f58cdac5ef0,0x00007f58cdac6060] = 368
 main code      [0x00007f58cdac6060,0x00007f58cdac6ec0] = 3680
 stub code      [0x00007f58cdac6ec0,0x00007f58cdac6f90] = 208
 oops           [0x00007f58cdac6f90,0x00007f58cdac6f98] = 8
 metadata       [0x00007f58cdac6f98,0x00007f58cdac7030] = 152
 scopes data    [0x00007f58cdac7030,0x00007f58cdac7198] = 360
 scopes pcs     [0x00007f58cdac7198,0x00007f58cdac73b8] = 544
 dependencies   [0x00007f58cdac73b8,0x00007f58cdac73e8] = 48
 handler table  [0x00007f58cdac73e8,0x00007f58cdac75b0] = 456
 nul chk table  [0x00007f58cdac75b0,0x00007f58cdac75e8] = 56
RBX=0x00007f58b9cc1cc0 is pointing into the stack for thread: 0x00007f5874ce2b90
RCX=0x00007f58cdac6a3c is at entry_point+2524 in (nmethod*)0x00007f58cdac5d90
Compiled method (c1) 133605032 11658   !   3       ch.qos.logback.core.OutputStreamAppender::subAppend (65 bytes)
 total in heap  [0x00007f58cdac5d90,0x00007f58cdac75e8] = 6232
 relocation     [0x00007f58cdac5ef0,0x00007f58cdac6060] = 368
 main code      [0x00007f58cdac6060,0x00007f58cdac6ec0] = 3680
 stub code      [0x00007f58cdac6ec0,0x00007f58cdac6f90] = 208
 oops           [0x00007f58cdac6f90,0x00007f58cdac6f98] = 8
 metadata       [0x00007f58cdac6f98,0x00007f58cdac7030] = 152
 scopes data    [0x00007f58cdac7030,0x00007f58cdac7198] = 360
 scopes pcs     [0x00007f58cdac7198,0x00007f58cdac73b8] = 544
 dependencies   [0x00007f58cdac73b8,0x00007f58cdac73e8] = 48
 handler table  [0x00007f58cdac73e8,0x00007f58cdac75b0] = 456
 nul chk table  [0x00007f58cdac75b0,0x00007f58cdac75e8] = 56
RDX=0x00007f58cdac6060 is at entry_point+0 in (nmethod*)0x00007f58cdac5d90
Compiled method (c1) 133605032 11658   !   3       ch.qos.logback.core.OutputStreamAppender::subAppend (65 bytes)
 total in heap  [0x00007f58cdac5d90,0x00007f58cdac75e8] = 6232
 relocation     [0x00007f58cdac5ef0,0x00007f58cdac6060] = 368
 main code      [0x00007f58cdac6060,0x00007f58cdac6ec0] = 3680
 stub code      [0x00007f58cdac6ec0,0x00007f58cdac6f90] = 208
 oops           [0x00007f58cdac6f90,0x00007f58cdac6f98] = 8
 metadata       [0x00007f58cdac6f98,0x00007f58cdac7030] = 152
 scopes data    [0x00007f58cdac7030,0x00007f58cdac7198] = 360
 scopes pcs     [0x00007f58cdac7198,0x00007f58cdac73b8] = 544
 dependencies   [0x00007f58cdac73b8,0x00007f58cdac73e8] = 48
 handler table  [0x00007f58cdac73e8,0x00007f58cdac75b0] = 456
 nul chk table  [0x00007f58cdac75b0,0x00007f58cdac75e8] = 56
RSP=0x00007f58b9cbe3d0 is pointing into the stack for thread: 0x00007f5874ce2b90
RBP=0x00007f58b9cc0960 is pointing into the stack for thread: 0x00007f5874ce2b90
RSI=0x00007f58b9cbf6b0 is pointing into the stack for thread: 0x00007f5874ce2b90
RDI=0x00007f5874ce2b90 is a thread
R8 =0x00007f58cdac5d90 is at entry_point+-720 in (nmethod*)0x00007f58cdac5d90
Compiled method (c1) 133605032 11658   !   3       ch.qos.logback.core.OutputStreamAppender::subAppend (65 bytes)
 total in heap  [0x00007f58cdac5d90,0x00007f58cdac75e8] = 6232
 relocation     [0x00007f58cdac5ef0,0x00007f58cdac6060] = 368
 main code      [0x00007f58cdac6060,0x00007f58cdac6ec0] = 3680
 stub code      [0x00007f58cdac6ec0,0x00007f58cdac6f90] = 208
 oops           [0x00007f58cdac6f90,0x00007f58cdac6f98] = 8
 metadata       [0x00007f58cdac6f98,0x00007f58cdac7030] = 152
 scopes data    [0x00007f58cdac7030,0x00007f58cdac7198] = 360
 scopes pcs     [0x00007f58cdac7198,0x00007f58cdac73b8] = 544
 dependencies   [0x00007f58cdac73b8,0x00007f58cdac73e8] = 48
 handler table  [0x00007f58cdac73e8,0x00007f58cdac75b0] = 456
 nul chk table  [0x00007f58cdac75b0,0x00007f58cdac75e8] = 56
R9 =0x00007f58cdac5d80 points into unknown readable memory: 0x0000000000000032 | 32 00 00 00 00 00 00 00
R10=0x00007f58e8e3d000 points into unknown readable memory: 0x0706050403020100 | 00 01 02 03 04 05 06 07
R11=0x00007f58e411597c points into unknown readable memory: e1 01 00 00
R12=0x00007f58b9cbf6b0 is pointing into the stack for thread: 0x00007f5874ce2b90
R13=0x00007f58cdac5d90 is at entry_point+-720 in (nmethod*)0x00007f58cdac5d90
Compiled method (c1) 133605162 11658   !   3       ch.qos.logback.core.OutputStreamAppender::subAppend (65 bytes)
 total in heap  [0x00007f58cdac5d90,0x00007f58cdac75e8] = 6232
 relocation     [0x00007f58cdac5ef0,0x00007f58cdac6060] = 368
 main code      [0x00007f58cdac6060,0x00007f58cdac6ec0] = 3680
 stub code      [0x00007f58cdac6ec0,0x00007f58cdac6f90] = 208
 oops           [0x00007f58cdac6f90,0x00007f58cdac6f98] = 8
 metadata       [0x00007f58cdac6f98,0x00007f58cdac7030] = 152
 scopes data    [0x00007f58cdac7030,0x00007f58cdac7198] = 360
 scopes pcs     [0x00007f58cdac7198,0x00007f58cdac73b8] = 544
 dependencies   [0x00007f58cdac73b8,0x00007f58cdac73e8] = 48
 handler table  [0x00007f58cdac73e8,0x00007f58cdac75b0] = 456
 nul chk table  [0x00007f58cdac75b0,0x00007f58cdac75e8] = 56
R14=0x00007f58cdac5e20 is at entry_point+-576 in (nmethod*)0x00007f58cdac5d90
Compiled method (c1) 133605162 11658   !   3       ch.qos.logback.core.OutputStreamAppender::subAppend (65 bytes)
 total in heap  [0x00007f58cdac5d90,0x00007f58cdac75e8] = 6232
 relocation     [0x00007f58cdac5ef0,0x00007f58cdac6060] = 368
 main code      [0x00007f58cdac6060,0x00007f58cdac6ec0] = 3680
 stub code      [0x00007f58cdac6ec0,0x00007f58cdac6f90] = 208
 oops           [0x00007f58cdac6f90,0x00007f58cdac6f98] = 8
 metadata       [0x00007f58cdac6f98,0x00007f58cdac7030] = 152
 scopes data    [0x00007f58cdac7030,0x00007f58cdac7198] = 360
 scopes pcs     [0x00007f58cdac7198,0x00007f58cdac73b8] = 544
 dependencies   [0x00007f58cdac73b8,0x00007f58cdac73e8] = 48
 handler table  [0x00007f58cdac73e8,0x00007f58cdac75b0] = 456
 nul chk table  [0x00007f58cdac75b0,0x00007f58cdac75e8] = 56
R15=0x00007f58cdac6a3c is at entry_point+2524 in (nmethod*)0x00007f58cdac5d90
Compiled method (c1) 133605162 11658   !   3       ch.qos.logback.core.OutputStreamAppender::subAppend (65 bytes)
 total in heap  [0x00007f58cdac5d90,0x00007f58cdac75e8] = 6232
 relocation     [0x00007f58cdac5ef0,0x00007f58cdac6060] = 368
 main code      [0x00007f58cdac6060,0x00007f58cdac6ec0] = 3680
 stub code      [0x00007f58cdac6ec0,0x00007f58cdac6f90] = 208
 oops           [0x00007f58cdac6f90,0x00007f58cdac6f98] = 8
 metadata       [0x00007f58cdac6f98,0x00007f58cdac7030] = 152
 scopes data    [0x00007f58cdac7030,0x00007f58cdac7198] = 360
 scopes pcs     [0x00007f58cdac7198,0x00007f58cdac73b8] = 544
 dependencies   [0x00007f58cdac73b8,0x00007f58cdac73e8] = 48
 handler table  [0x00007f58cdac73e8,0x00007f58cdac75b0] = 456
 nul chk table  [0x00007f58cdac75b0,0x00007f58cdac75e8] = 56


Top of Stack: (sp=0x00007f58b9cbe3d0)
0x00007f58b9cbe3d0:   0000000000000000 00000000b0169298
0x00007f58b9cbe3e0:   00007f58cdac7198 00007f58cdac6a3c
0x00007f58b9cbe3f0:   0000000000000000 0000000000000000
0x00007f58b9cbe400:   0000000000000000 0000000000000000 

Instructions: (pc=0x00007f58e9748a1b)
0x00007f58e974891b:   79 7c d4 00 4c 39 39 0f 84 e8 04 00 00 80 bb e0
0x00007f58e974892b:   12 00 00 00 4c 89 fa 0f 85 50 ff ff ff 48 8b 83
0x00007f58e974893b:   a8 12 00 00 c6 83 98 12 00 00 00 48 85 c0 74 0c
0x00007f58e974894b:   48 8b 30 48 85 f6 0f 85 59 ff ff ff 48 8b 53 08
0x00007f58e974895b:   48 3b 11 0f 84 94 04 00 00 48 8b 7b 10 48 85 ff
0x00007f58e974896b:   0f 84 1f 04 00 00 48 8b 07 ff 50 58 84 c0 0f 84
0x00007f58e974897b:   39 01 00 00 4c 89 f2 48 89 de 4c 89 e7 e8 53 5d
0x00007f58e974898b:   11 00 e9 2c ff ff ff 66 0f 1f 44 00 00 49 8b 45
0x00007f58e974899b:   00 48 8d 0d 2d 76 f1 ff 4d 8d b5 90 00 00 00 48
0x00007f58e97489ab:   8b 90 50 01 00 00 48 39 ca 0f 85 66 06 00 00 49
0x00007f58e97489bb:   63 95 18 01 00 00 49 8d 4c 15 00 48 8b 80 48 01
0x00007f58e97489cb:   00 00 48 8d 15 ec 75 f1 ff 48 39 d0 0f 85 23 06
0x00007f58e97489db:   00 00 49 63 85 14 01 00 00 4c 01 e8 48 89 85 80
0x00007f58e97489eb:   da ff ff 49 8b 55 20 48 89 8d 60 ed ff ff 66 48
0x00007f58e97489fb:   0f 6e c2 0f 16 85 80 da ff ff 0f 29 85 50 ed ff
0x00007f58e9748a0b:   ff 49 8b 85 90 00 00 00 48 85 c0 74 12 4c 89 f9
0x00007f58e9748a1b:   48 63 30 48 29 d1 48 39 ce 0f 84 66 01 00 00 31
0x00007f58e9748a2b:   d2 4c 89 e1 4c 89 fe 4c 89 f7 e8 16 2b 66 00 48
0x00007f58e9748a3b:   85 c0 0f 85 4d 01 00 00 48 8b 43 38 4c 8b 53 10
0x00007f58e9748a4b:   48 85 c0 0f 84 7c 05 00 00 8b 80 74 03 00 00 83
0x00007f58e9748a5b:   f8 08 0f 84 6d 05 00 00 48 c7 83 b8 12 00 00 01
0x00007f58e9748a6b:   00 00 00 48 c7 83 c0 12 00 00 00 00 00 00 49 8b
0x00007f58e9748a7b:   42 70 c7 83 d0 12 00 00 00 00 00 00 48 89 83 c8
0x00007f58e9748a8b:   12 00 00 c7 83 c4 12 00 00 00 00 00 00 e9 cd fc
0x00007f58e9748a9b:   ff ff 0f 1f 00 48 8b bb a0 12 00 00 4c 89 e6 e8
0x00007f58e9748aab:   71 cc 78 00 e9 2d fe ff ff 0f 1f 40 00 48 8d 05
0x00007f58e9748abb:   99 07 d1 00 48 8b 53 08 48 8b 00 48 85 c0 74 0d
0x00007f58e9748acb:   48 8b 48 08 48 39 ca 0f 83 d8 02 00 00 48 8b 4b
0x00007f58e9748adb:   10 48 85 c9 0f 84 5b 03 00 00 48 63 71 1c 48 8b
0x00007f58e9748aeb:   43 30 80 bb b4 12 00 00 00 4c 8d 3c f0 4d 8b 6f
0x00007f58e9748afb:   f8 66 49 0f 6e f7 66 49 0f 6e fd 66 0f 6c f7 0f
0x00007f58e9748b0b:   29 b5 80 da ff ff 74 47 80 79 59 00 75 22 0f b6 


Stack slot to memory mapping:
stack at sp + 0 slots: 0x0 is NULL
stack at sp + 1 slots: 0x00000000b0169298 is an unallocated location in the heap
stack at sp + 2 slots: 0x00007f58cdac7198 is at entry_point+4408 in (nmethod*)0x00007f58cdac5d90
Compiled method (c1) 133605165 11658   !   3       ch.qos.logback.core.OutputStreamAppender::subAppend (65 bytes)
 total in heap  [0x00007f58cdac5d90,0x00007f58cdac75e8] = 6232
 relocation     [0x00007f58cdac5ef0,0x00007f58cdac6060] = 368
 main code      [0x00007f58cdac6060,0x00007f58cdac6ec0] = 3680
 stub code      [0x00007f58cdac6ec0,0x00007f58cdac6f90] = 208
 oops           [0x00007f58cdac6f90,0x00007f58cdac6f98] = 8
 metadata       [0x00007f58cdac6f98,0x00007f58cdac7030] = 152
 scopes data    [0x00007f58cdac7030,0x00007f58cdac7198] = 360
 scopes pcs     [0x00007f58cdac7198,0x00007f58cdac73b8] = 544
 dependencies   [0x00007f58cdac73b8,0x00007f58cdac73e8] = 48
 handler table  [0x00007f58cdac73e8,0x00007f58cdac75b0] = 456
 nul chk table  [0x00007f58cdac75b0,0x00007f58cdac75e8] = 56
stack at sp + 3 slots: 0x00007f58cdac6a3c is at entry_point+2524 in (nmethod*)0x00007f58cdac5d90
Compiled method (c1) 133605165 11658   !   3       ch.qos.logback.core.OutputStreamAppender::subAppend (65 bytes)
 total in heap  [0x00007f58cdac5d90,0x00007f58cdac75e8] = 6232
 relocation     [0x00007f58cdac5ef0,0x00007f58cdac6060] = 368
 main code      [0x00007f58cdac6060,0x00007f58cdac6ec0] = 3680
 stub code      [0x00007f58cdac6ec0,0x00007f58cdac6f90] = 208
 oops           [0x00007f58cdac6f90,0x00007f58cdac6f98] = 8
 metadata       [0x00007f58cdac6f98,0x00007f58cdac7030] = 152
 scopes data    [0x00007f58cdac7030,0x00007f58cdac7198] = 360
 scopes pcs     [0x00007f58cdac7198,0x00007f58cdac73b8] = 544
 dependencies   [0x00007f58cdac73b8,0x00007f58cdac73e8] = 48
 handler table  [0x00007f58cdac73e8,0x00007f58cdac75b0] = 456
 nul chk table  [0x00007f58cdac75b0,0x00007f58cdac75e8] = 56
stack at sp + 4 slots: 0x0 is NULL
stack at sp + 5 slots: 0x0 is NULL
stack at sp + 6 slots: 0x0 is NULL
stack at sp + 7 slots: 0x0 is NULL

--------------------------------------------------------------------------------
Decoding CodeBlob, name: wrong_method_stub, at  [0x00007f58d4543000, 0x00007f58d45431a8]  424 bytes
[MachCode]
  0x00007f58d4543000: 5548 8bec | 9c48 83ec | 0848 81ec | 8000 0000 | 4889 4424 | 7848 894c | 2470 4889 | 5424 6848 
  0x00007f58d4543020: 895c 2460 | 4889 6c24 | 5048 8974 | 2448 4889 | 7c24 404c | 8944 2438 | 4c89 4c24 | 304c 8954 
  0x00007f58d4543040: 2428 4c89 | 5c24 204c | 8964 2418 | 4c89 6c24 | 104c 8974 | 2408 4c89 | 3c24 4881 | ec80 0a00 
  0x00007f58d4543060: 0048 0fae | 0424 c5f8 | 77c5 f877 | 4989 a7c0 | 0200 0049 | 8bff e845 | b395 1549 | c787 c002 
  0x00007f58d4543080: 0000 0000 | 0000 49c7 | 87c8 0200 | 0000 0000 | 00c5 f877 | 4981 7f08 | 0000 0000 | 0f85 8a00 
  0x00007f58d45430a0: 0000 498b | 9f20 0300 | 0049 c787 | 2003 0000 | 0000 0000 | 4889 9c24 | e00a 0000 | 4889 8424 
  0x00007f58d45430c0: f80a 0000 | c5f8 7748 | 0fae 0c24 | 4881 c480 | 0a00 004c | 8b3c 244c | 8b74 2408 | 4c8b 6c24 
  0x00007f58d45430e0: 104c 8b64 | 2418 4c8b | 5c24 204c | 8b54 2428 | 4c8b 4c24 | 304c 8b44 | 2438 488b | 7c24 4048 
  0x00007f58d4543100: 8b74 2448 | 488b 6c24 | 5048 8b5c | 2460 488b | 5424 6848 | 8b4c 2470 | 488b 4424 | 7848 81c4 
  0x00007f58d4543120: 8000 0000 | 4883 c408 | 9d5d ffe0 | c5f8 7748 | 0fae 0c24 | 4881 c480 | 0a00 004c | 8b3c 244c 
  0x00007f58d4543140: 8b74 2408 | 4c8b 6c24 | 104c 8b64 | 2418 4c8b | 5c24 204c | 8b54 2428 | 4c8b 4c24 | 304c 8b44 
  0x00007f58d4543160: 2438 488b | 7c24 4048 | 8b74 2448 | 488b 6c24 | 5048 8b5c | 2460 488b | 5424 6848 | 8b4c 2470 
  0x00007f58d4543180: 488b 4424 | 7848 81c4 | 8000 0000 | 4883 c408 | 9d5d 49c7 | 8718 0300 | 0000 0000 | 0049 8b47 
  0x00007f58d45431a0: 08e9 5a6a | feff f4f4 
[/MachCode]
--------------------------------------------------------------------------------


Compiled method (c1) 133606610 11658   !   3       ch.qos.logback.core.OutputStreamAppender::subAppend (65 bytes)
 total in heap  [0x00007f58cdac5d90,0x00007f58cdac75e8] = 6232
 relocation     [0x00007f58cdac5ef0,0x00007f58cdac6060] = 368
 main code      [0x00007f58cdac6060,0x00007f58cdac6ec0] = 3680
 stub code      [0x00007f58cdac6ec0,0x00007f58cdac6f90] = 208
 oops           [0x00007f58cdac6f90,0x00007f58cdac6f98] = 8
 metadata       [0x00007f58cdac6f98,0x00007f58cdac7030] = 152
 scopes data    [0x00007f58cdac7030,0x00007f58cdac7198] = 360
 scopes pcs     [0x00007f58cdac7198,0x00007f58cdac73b8] = 544
 dependencies   [0x00007f58cdac73b8,0x00007f58cdac73e8] = 48
 handler table  [0x00007f58cdac73e8,0x00007f58cdac75b0] = 456
 nul chk table  [0x00007f58cdac75b0,0x00007f58cdac75e8] = 56

[Constant Pool (empty)]

[MachCode]
[Entry Point]
  # {method} {0x00007f58b04722d0} 'subAppend' '(Ljava/lang/Object;)V' in 'ch/qos/logback/core/OutputStreamAppender'
  # this:     rsi:rsi   = 'ch/qos/logback/core/OutputStreamAppender'
  # parm0:    rdx:rdx   = 'java/lang/Object'
  #           [sp+0xf0]  (sp of caller)
  0x00007f58cdac6060: 
[error occurred during error reporting (printing code blobs if possible), id 0x7, SIGBUS (0x7) at pc=0x00007f58e9dad182]


---------------  P R O C E S S  ---------------

Threads class SMR info:
_java_thread_list=0x00007f5854645a00, length=29, elements={
0x00007f58e412fea0, 0x00007f58e4131260, 0x00007f58e41329c0, 0x00007f58e4133e40,
0x00007f58e41352b0, 0x00007f58e4136cc0, 0x00007f58e4138250, 0x00007f58e4141710,
0x00007f58e414a650, 0x00007f58e4151830, 0x00007f5874a2ab40, 0x00007f585c017d20,
0x00007f5874a36a20, 0x00007f5874ce2b90, 0x00007f58754b0e90, 0x00007f58754b4bd0,
0x00007f58754bc110, 0x00007f58754bc820, 0x00007f58754bd7c0, 0x00007f58754be760,
0x00007f58754bf7e0, 0x00007f58754c0c50, 0x00007f58754c20d0, 0x00007f58754c3620,
0x00007f58754c4a90, 0x00007f58754c5f00, 0x00007f58754c9150, 0x00007f58754cf8e0,
0x00007f58e40295f0
}

Java Threads: ( => current thread )
  0x00007f58e412fea0 JavaThread "Reference Handler" daemon [_thread_blocked, id=1954, stack(0x00007f58c8a67000,0x00007f58c8b67000)]
  0x00007f58e4131260 JavaThread "Finalizer" daemon [_thread_blocked, id=1955, stack(0x00007f58c8967000,0x00007f58c8a67000)]
  0x00007f58e41329c0 JavaThread "Signal Dispatcher" daemon [_thread_blocked, id=1956, stack(0x00007f58c8867000,0x00007f58c8967000)]
  0x00007f58e4133e40 JavaThread "Service Thread" daemon [_thread_blocked, id=1957, stack(0x00007f58c8767000,0x00007f58c8867000)]
  0x00007f58e41352b0 JavaThread "Monitor Deflation Thread" daemon [_thread_blocked, id=1958, stack(0x00007f58c8667000,0x00007f58c8767000)]
  0x00007f58e4136cc0 JavaThread "C2 CompilerThread0" daemon [_thread_blocked, id=1959, stack(0x00007f58c8567000,0x00007f58c8667000)]
  0x00007f58e4138250 JavaThread "C1 CompilerThread0" daemon [_thread_blocked, id=1960, stack(0x00007f58c8467000,0x00007f58c8567000)]
  0x00007f58e4141710 JavaThread "Sweeper thread" daemon [_thread_blocked, id=1961, stack(0x00007f58c8367000,0x00007f58c8467000)]
  0x00007f58e414a650 JavaThread "Notification Thread" daemon [_thread_blocked, id=1962, stack(0x00007f58c8267000,0x00007f58c8367000)]
  0x00007f58e4151830 JavaThread "Common-Cleaner" daemon [_thread_blocked, id=1964, stack(0x00007f58c8065000,0x00007f58c8165000)]
  0x00007f5874a2ab40 JavaThread "Catalina-utility-1" [_thread_blocked, id=1993, stack(0x00007f58b95e1000,0x00007f58b96e1000)]
  0x00007f585c017d20 JavaThread "Catalina-utility-2" [_thread_blocked, id=1994, stack(0x00007f58b96e1000,0x00007f58b97e1000)]
  0x00007f5874a36a20 JavaThread "container-0" [_thread_blocked, id=1995, stack(0x00007f58b94e1000,0x00007f58b95e1000)]
=>0x00007f5874ce2b90 JavaThread "HikariPool-1 housekeeper" daemon [_thread_in_vm, id=1997, stack(0x00007f58b9bc8000,0x00007f58b9cc8000)]
  0x00007f58754b0e90 JavaThread "File Watcher" daemon [_thread_blocked, id=2011, stack(0x00007f58b91e1000,0x00007f58b92e1000)]
  0x00007f58754b4bd0 JavaThread "Live Reload Server" daemon [_thread_in_native, id=2013, stack(0x00007f58b8fe1000,0x00007f58b90e1000)]
  0x00007f58754bc110 JavaThread "http-nio-8080-exec-1" daemon [_thread_blocked, id=2014, stack(0x00007f58b90e1000,0x00007f58b91e1000)]
  0x00007f58754bc820 JavaThread "http-nio-8080-exec-2" daemon [_thread_blocked, id=2015, stack(0x00007f58b8ee1000,0x00007f58b8fe1000)]
  0x00007f58754bd7c0 JavaThread "http-nio-8080-exec-3" daemon [_thread_blocked, id=2016, stack(0x00007f58b8de1000,0x00007f58b8ee1000)]
  0x00007f58754be760 JavaThread "http-nio-8080-exec-4" daemon [_thread_blocked, id=2017, stack(0x00007f58b8ce1000,0x00007f58b8de1000)]
  0x00007f58754bf7e0 JavaThread "http-nio-8080-exec-5" daemon [_thread_blocked, id=2018, stack(0x00007f58b8be1000,0x00007f58b8ce1000)]
  0x00007f58754c0c50 JavaThread "http-nio-8080-exec-6" daemon [_thread_blocked, id=2019, stack(0x00007f58b8ae1000,0x00007f58b8be1000)]
  0x00007f58754c20d0 JavaThread "http-nio-8080-exec-7" daemon [_thread_blocked, id=2020, stack(0x00007f58b89e1000,0x00007f58b8ae1000)]
  0x00007f58754c3620 JavaThread "http-nio-8080-exec-8" daemon [_thread_blocked, id=2021, stack(0x00007f58b88e1000,0x00007f58b89e1000)]
  0x00007f58754c4a90 JavaThread "http-nio-8080-exec-9" daemon [_thread_blocked, id=2022, stack(0x00007f58b87e1000,0x00007f58b88e1000)]
  0x00007f58754c5f00 JavaThread "http-nio-8080-exec-10" daemon [_thread_blocked, id=2023, stack(0x00007f58b86e1000,0x00007f58b87e1000)]
  0x00007f58754c9150 JavaThread "http-nio-8080-Poller" daemon [_thread_in_native, id=2024, stack(0x00007f58b85e1000,0x00007f58b86e1000)]
  0x00007f58754cf8e0 JavaThread "http-nio-8080-Acceptor" daemon [_thread_in_native, id=2025, stack(0x00007f58b84e1000,0x00007f58b85e1000)]
  0x00007f58e40295f0 JavaThread "DestroyJavaVM" [_thread_blocked, id=1947, stack(0x00007f58e8f65000,0x00007f58e9065000)]

Other Threads:
  0x00007f58e4127f60 VMThread "VM Thread" [stack: 0x00007f58c8e53000,0x00007f58c8f53000] [id=1953]
  0x00007f58e414c3f0 WatcherThread "VM Periodic Task Thread" [stack: 0x00007f58c8167000,0x00007f58c8267000] [id=1963]
